[2024-01-16 16:23:30,226] {taskinstance.py:1159} INFO - Dependencies all met for <TaskInstance: dag_transfer_gdrive_to_postgresql.process_csv manual__2024-01-16T16:23:13.309978+00:00 [queued]>
[2024-01-16 16:23:30,232] {taskinstance.py:1159} INFO - Dependencies all met for <TaskInstance: dag_transfer_gdrive_to_postgresql.process_csv manual__2024-01-16T16:23:13.309978+00:00 [queued]>
[2024-01-16 16:23:30,233] {taskinstance.py:1356} INFO - 
--------------------------------------------------------------------------------
[2024-01-16 16:23:30,233] {taskinstance.py:1357} INFO - Starting attempt 1 of 3
[2024-01-16 16:23:30,233] {taskinstance.py:1358} INFO - 
--------------------------------------------------------------------------------
[2024-01-16 16:23:30,241] {taskinstance.py:1377} INFO - Executing <Task(PythonOperator): process_csv> on 2024-01-16 16:23:13.309978+00:00
[2024-01-16 16:23:30,244] {standard_task_runner.py:52} INFO - Started process 2136 to run task
[2024-01-16 16:23:30,247] {standard_task_runner.py:79} INFO - Running: ['***', 'tasks', 'run', 'dag_transfer_gdrive_to_postgresql', 'process_csv', 'manual__2024-01-16T16:23:13.309978+00:00', '--job-id', '62', '--raw', '--subdir', 'DAGS_FOLDER/dag_gdrive_to_postgres.py', '--cfg-path', '/tmp/tmpo8ex2dc3', '--error-file', '/tmp/tmpsi04pos8']
[2024-01-16 16:23:30,248] {standard_task_runner.py:80} INFO - Job 62: Subtask process_csv
[2024-01-16 16:23:30,282] {task_command.py:369} INFO - Running <TaskInstance: dag_transfer_gdrive_to_postgresql.process_csv manual__2024-01-16T16:23:13.309978+00:00 [running]> on host 3c1ede9470c0
[2024-01-16 16:23:30,326] {taskinstance.py:1571} INFO - Exporting the following env vars:
AIRFLOW_CTX_DAG_OWNER=***
AIRFLOW_CTX_DAG_ID=dag_transfer_gdrive_to_postgresql
AIRFLOW_CTX_TASK_ID=process_csv
AIRFLOW_CTX_EXECUTION_DATE=2024-01-16T16:23:13.309978+00:00
AIRFLOW_CTX_TRY_NUMBER=1
AIRFLOW_CTX_DAG_RUN_ID=manual__2024-01-16T16:23:13.309978+00:00
[2024-01-16 16:23:30,332] {logging_mixin.py:115} INFO - file:  2023-10-02.csv
[2024-01-16 16:23:30,357] {python.py:173} INFO - Done. Returned value was: None
[2024-01-16 16:23:30,365] {taskinstance.py:1400} INFO - Marking task as SUCCESS. dag_id=dag_transfer_gdrive_to_postgresql, task_id=process_csv, execution_date=20240116T162313, start_date=20240116T162330, end_date=20240116T162330
[2024-01-16 16:23:30,381] {local_task_job.py:156} INFO - Task exited with return code 0
[2024-01-16 16:23:30,409] {local_task_job.py:273} INFO - 1 downstream tasks scheduled from follow-on schedule check
