[2024-01-13 10:26:08,766] {processor.py:153} INFO - Started process (PID=197) to work on /opt/airflow/dags/dag_gdrive.py
[2024-01-13 10:26:08,767] {processor.py:641} INFO - Processing file /opt/airflow/dags/dag_gdrive.py for tasks to queue
[2024-01-13 10:26:08,768] {logging_mixin.py:115} INFO - [2024-01-13 10:26:08,768] {dagbag.py:507} INFO - Filling up the DagBag from /opt/airflow/dags/dag_gdrive.py
[2024-01-13 10:26:08,772] {processor.py:653} WARNING - No viable dags retrieved from /opt/airflow/dags/dag_gdrive.py
[2024-01-13 10:26:08,790] {processor.py:161} INFO - Processing /opt/airflow/dags/dag_gdrive.py took 0.031 seconds
[2024-01-13 10:26:39,040] {processor.py:153} INFO - Started process (PID=208) to work on /opt/airflow/dags/dag_gdrive.py
[2024-01-13 10:26:39,041] {processor.py:641} INFO - Processing file /opt/airflow/dags/dag_gdrive.py for tasks to queue
[2024-01-13 10:26:39,042] {logging_mixin.py:115} INFO - [2024-01-13 10:26:39,042] {dagbag.py:507} INFO - Filling up the DagBag from /opt/airflow/dags/dag_gdrive.py
[2024-01-13 10:26:39,045] {processor.py:653} WARNING - No viable dags retrieved from /opt/airflow/dags/dag_gdrive.py
[2024-01-13 10:26:39,069] {processor.py:161} INFO - Processing /opt/airflow/dags/dag_gdrive.py took 0.034 seconds
[2024-01-13 10:29:14,033] {processor.py:153} INFO - Started process (PID=190) to work on /opt/airflow/dags/dag_gdrive.py
[2024-01-13 10:29:14,033] {processor.py:641} INFO - Processing file /opt/airflow/dags/dag_gdrive.py for tasks to queue
[2024-01-13 10:29:14,034] {logging_mixin.py:115} INFO - [2024-01-13 10:29:14,034] {dagbag.py:507} INFO - Filling up the DagBag from /opt/airflow/dags/dag_gdrive.py
[2024-01-13 10:29:14,035] {processor.py:653} WARNING - No viable dags retrieved from /opt/airflow/dags/dag_gdrive.py
[2024-01-13 10:29:14,045] {processor.py:161} INFO - Processing /opt/airflow/dags/dag_gdrive.py took 0.015 seconds
[2024-01-13 10:29:44,284] {processor.py:153} INFO - Started process (PID=201) to work on /opt/airflow/dags/dag_gdrive.py
[2024-01-13 10:29:44,285] {processor.py:641} INFO - Processing file /opt/airflow/dags/dag_gdrive.py for tasks to queue
[2024-01-13 10:29:44,285] {logging_mixin.py:115} INFO - [2024-01-13 10:29:44,285] {dagbag.py:507} INFO - Filling up the DagBag from /opt/airflow/dags/dag_gdrive.py
[2024-01-13 10:29:44,288] {processor.py:653} WARNING - No viable dags retrieved from /opt/airflow/dags/dag_gdrive.py
[2024-01-13 10:29:44,312] {processor.py:161} INFO - Processing /opt/airflow/dags/dag_gdrive.py took 0.033 seconds
[2024-01-13 10:30:14,627] {processor.py:153} INFO - Started process (PID=211) to work on /opt/airflow/dags/dag_gdrive.py
[2024-01-13 10:30:14,628] {processor.py:641} INFO - Processing file /opt/airflow/dags/dag_gdrive.py for tasks to queue
[2024-01-13 10:30:14,629] {logging_mixin.py:115} INFO - [2024-01-13 10:30:14,628] {dagbag.py:507} INFO - Filling up the DagBag from /opt/airflow/dags/dag_gdrive.py
[2024-01-13 10:30:14,632] {processor.py:653} WARNING - No viable dags retrieved from /opt/airflow/dags/dag_gdrive.py
[2024-01-13 10:30:14,653] {processor.py:161} INFO - Processing /opt/airflow/dags/dag_gdrive.py took 0.031 seconds
[2024-01-13 10:30:44,937] {processor.py:153} INFO - Started process (PID=221) to work on /opt/airflow/dags/dag_gdrive.py
[2024-01-13 10:30:44,938] {processor.py:641} INFO - Processing file /opt/airflow/dags/dag_gdrive.py for tasks to queue
[2024-01-13 10:30:44,939] {logging_mixin.py:115} INFO - [2024-01-13 10:30:44,939] {dagbag.py:507} INFO - Filling up the DagBag from /opt/airflow/dags/dag_gdrive.py
[2024-01-13 10:30:44,942] {processor.py:653} WARNING - No viable dags retrieved from /opt/airflow/dags/dag_gdrive.py
[2024-01-13 10:30:44,962] {processor.py:161} INFO - Processing /opt/airflow/dags/dag_gdrive.py took 0.029 seconds
[2024-01-13 10:31:15,251] {processor.py:153} INFO - Started process (PID=230) to work on /opt/airflow/dags/dag_gdrive.py
[2024-01-13 10:31:15,252] {processor.py:641} INFO - Processing file /opt/airflow/dags/dag_gdrive.py for tasks to queue
[2024-01-13 10:31:15,253] {logging_mixin.py:115} INFO - [2024-01-13 10:31:15,253] {dagbag.py:507} INFO - Filling up the DagBag from /opt/airflow/dags/dag_gdrive.py
[2024-01-13 10:31:15,256] {processor.py:653} WARNING - No viable dags retrieved from /opt/airflow/dags/dag_gdrive.py
[2024-01-13 10:31:15,273] {processor.py:161} INFO - Processing /opt/airflow/dags/dag_gdrive.py took 0.025 seconds
[2024-01-13 10:31:45,544] {processor.py:153} INFO - Started process (PID=241) to work on /opt/airflow/dags/dag_gdrive.py
[2024-01-13 10:31:45,545] {processor.py:641} INFO - Processing file /opt/airflow/dags/dag_gdrive.py for tasks to queue
[2024-01-13 10:31:45,546] {logging_mixin.py:115} INFO - [2024-01-13 10:31:45,546] {dagbag.py:507} INFO - Filling up the DagBag from /opt/airflow/dags/dag_gdrive.py
[2024-01-13 10:31:45,549] {processor.py:653} WARNING - No viable dags retrieved from /opt/airflow/dags/dag_gdrive.py
[2024-01-13 10:31:45,568] {processor.py:161} INFO - Processing /opt/airflow/dags/dag_gdrive.py took 0.028 seconds
[2024-01-13 10:32:15,847] {processor.py:153} INFO - Started process (PID=250) to work on /opt/airflow/dags/dag_gdrive.py
[2024-01-13 10:32:15,847] {processor.py:641} INFO - Processing file /opt/airflow/dags/dag_gdrive.py for tasks to queue
[2024-01-13 10:32:15,848] {logging_mixin.py:115} INFO - [2024-01-13 10:32:15,848] {dagbag.py:507} INFO - Filling up the DagBag from /opt/airflow/dags/dag_gdrive.py
[2024-01-13 10:32:15,850] {processor.py:653} WARNING - No viable dags retrieved from /opt/airflow/dags/dag_gdrive.py
[2024-01-13 10:32:15,865] {processor.py:161} INFO - Processing /opt/airflow/dags/dag_gdrive.py took 0.020 seconds
[2024-01-13 10:32:46,166] {processor.py:153} INFO - Started process (PID=261) to work on /opt/airflow/dags/dag_gdrive.py
[2024-01-13 10:32:46,167] {processor.py:641} INFO - Processing file /opt/airflow/dags/dag_gdrive.py for tasks to queue
[2024-01-13 10:32:46,168] {logging_mixin.py:115} INFO - [2024-01-13 10:32:46,168] {dagbag.py:507} INFO - Filling up the DagBag from /opt/airflow/dags/dag_gdrive.py
[2024-01-13 10:32:46,170] {processor.py:653} WARNING - No viable dags retrieved from /opt/airflow/dags/dag_gdrive.py
[2024-01-13 10:32:46,190] {processor.py:161} INFO - Processing /opt/airflow/dags/dag_gdrive.py took 0.028 seconds
[2024-01-13 10:33:16,465] {processor.py:153} INFO - Started process (PID=271) to work on /opt/airflow/dags/dag_gdrive.py
[2024-01-13 10:33:16,466] {processor.py:641} INFO - Processing file /opt/airflow/dags/dag_gdrive.py for tasks to queue
[2024-01-13 10:33:16,466] {logging_mixin.py:115} INFO - [2024-01-13 10:33:16,466] {dagbag.py:507} INFO - Filling up the DagBag from /opt/airflow/dags/dag_gdrive.py
[2024-01-13 10:33:16,468] {processor.py:653} WARNING - No viable dags retrieved from /opt/airflow/dags/dag_gdrive.py
[2024-01-13 10:33:16,482] {processor.py:161} INFO - Processing /opt/airflow/dags/dag_gdrive.py took 0.020 seconds
[2024-01-13 10:33:46,747] {processor.py:153} INFO - Started process (PID=281) to work on /opt/airflow/dags/dag_gdrive.py
[2024-01-13 10:33:46,748] {processor.py:641} INFO - Processing file /opt/airflow/dags/dag_gdrive.py for tasks to queue
[2024-01-13 10:33:46,749] {logging_mixin.py:115} INFO - [2024-01-13 10:33:46,749] {dagbag.py:507} INFO - Filling up the DagBag from /opt/airflow/dags/dag_gdrive.py
[2024-01-13 10:33:46,752] {processor.py:653} WARNING - No viable dags retrieved from /opt/airflow/dags/dag_gdrive.py
[2024-01-13 10:33:46,772] {processor.py:161} INFO - Processing /opt/airflow/dags/dag_gdrive.py took 0.028 seconds
[2024-01-13 10:34:17,083] {processor.py:153} INFO - Started process (PID=291) to work on /opt/airflow/dags/dag_gdrive.py
[2024-01-13 10:34:17,084] {processor.py:641} INFO - Processing file /opt/airflow/dags/dag_gdrive.py for tasks to queue
[2024-01-13 10:34:17,085] {logging_mixin.py:115} INFO - [2024-01-13 10:34:17,085] {dagbag.py:507} INFO - Filling up the DagBag from /opt/airflow/dags/dag_gdrive.py
[2024-01-13 10:34:17,088] {processor.py:653} WARNING - No viable dags retrieved from /opt/airflow/dags/dag_gdrive.py
[2024-01-13 10:34:17,107] {processor.py:161} INFO - Processing /opt/airflow/dags/dag_gdrive.py took 0.027 seconds
[2024-01-13 10:34:47,406] {processor.py:153} INFO - Started process (PID=301) to work on /opt/airflow/dags/dag_gdrive.py
[2024-01-13 10:34:47,407] {processor.py:641} INFO - Processing file /opt/airflow/dags/dag_gdrive.py for tasks to queue
[2024-01-13 10:34:47,408] {logging_mixin.py:115} INFO - [2024-01-13 10:34:47,408] {dagbag.py:507} INFO - Filling up the DagBag from /opt/airflow/dags/dag_gdrive.py
[2024-01-13 10:34:47,411] {processor.py:653} WARNING - No viable dags retrieved from /opt/airflow/dags/dag_gdrive.py
[2024-01-13 10:34:47,431] {processor.py:161} INFO - Processing /opt/airflow/dags/dag_gdrive.py took 0.028 seconds
[2024-01-13 10:35:17,745] {processor.py:153} INFO - Started process (PID=311) to work on /opt/airflow/dags/dag_gdrive.py
[2024-01-13 10:35:17,746] {processor.py:641} INFO - Processing file /opt/airflow/dags/dag_gdrive.py for tasks to queue
[2024-01-13 10:35:17,747] {logging_mixin.py:115} INFO - [2024-01-13 10:35:17,747] {dagbag.py:507} INFO - Filling up the DagBag from /opt/airflow/dags/dag_gdrive.py
[2024-01-13 10:35:17,750] {processor.py:653} WARNING - No viable dags retrieved from /opt/airflow/dags/dag_gdrive.py
[2024-01-13 10:35:17,770] {processor.py:161} INFO - Processing /opt/airflow/dags/dag_gdrive.py took 0.028 seconds
[2024-01-13 10:35:48,062] {processor.py:153} INFO - Started process (PID=320) to work on /opt/airflow/dags/dag_gdrive.py
[2024-01-13 10:35:48,063] {processor.py:641} INFO - Processing file /opt/airflow/dags/dag_gdrive.py for tasks to queue
[2024-01-13 10:35:48,063] {logging_mixin.py:115} INFO - [2024-01-13 10:35:48,063] {dagbag.py:507} INFO - Filling up the DagBag from /opt/airflow/dags/dag_gdrive.py
[2024-01-13 10:35:48,065] {processor.py:653} WARNING - No viable dags retrieved from /opt/airflow/dags/dag_gdrive.py
[2024-01-13 10:35:48,077] {processor.py:161} INFO - Processing /opt/airflow/dags/dag_gdrive.py took 0.017 seconds
[2024-01-13 10:36:18,337] {processor.py:153} INFO - Started process (PID=331) to work on /opt/airflow/dags/dag_gdrive.py
[2024-01-13 10:36:18,338] {processor.py:641} INFO - Processing file /opt/airflow/dags/dag_gdrive.py for tasks to queue
[2024-01-13 10:36:18,338] {logging_mixin.py:115} INFO - [2024-01-13 10:36:18,338] {dagbag.py:507} INFO - Filling up the DagBag from /opt/airflow/dags/dag_gdrive.py
[2024-01-13 10:36:18,341] {processor.py:653} WARNING - No viable dags retrieved from /opt/airflow/dags/dag_gdrive.py
[2024-01-13 10:36:18,356] {processor.py:161} INFO - Processing /opt/airflow/dags/dag_gdrive.py took 0.022 seconds
[2024-01-13 10:36:48,621] {processor.py:153} INFO - Started process (PID=340) to work on /opt/airflow/dags/dag_gdrive.py
[2024-01-13 10:36:48,621] {processor.py:641} INFO - Processing file /opt/airflow/dags/dag_gdrive.py for tasks to queue
[2024-01-13 10:36:48,622] {logging_mixin.py:115} INFO - [2024-01-13 10:36:48,622] {dagbag.py:507} INFO - Filling up the DagBag from /opt/airflow/dags/dag_gdrive.py
[2024-01-13 10:36:48,624] {processor.py:653} WARNING - No viable dags retrieved from /opt/airflow/dags/dag_gdrive.py
[2024-01-13 10:36:48,636] {processor.py:161} INFO - Processing /opt/airflow/dags/dag_gdrive.py took 0.017 seconds
[2024-01-13 10:37:18,935] {processor.py:153} INFO - Started process (PID=351) to work on /opt/airflow/dags/dag_gdrive.py
[2024-01-13 10:37:18,936] {processor.py:641} INFO - Processing file /opt/airflow/dags/dag_gdrive.py for tasks to queue
[2024-01-13 10:37:18,937] {logging_mixin.py:115} INFO - [2024-01-13 10:37:18,937] {dagbag.py:507} INFO - Filling up the DagBag from /opt/airflow/dags/dag_gdrive.py
[2024-01-13 10:37:18,939] {processor.py:653} WARNING - No viable dags retrieved from /opt/airflow/dags/dag_gdrive.py
[2024-01-13 10:37:18,959] {processor.py:161} INFO - Processing /opt/airflow/dags/dag_gdrive.py took 0.027 seconds
[2024-01-13 10:37:49,254] {processor.py:153} INFO - Started process (PID=361) to work on /opt/airflow/dags/dag_gdrive.py
[2024-01-13 10:37:49,255] {processor.py:641} INFO - Processing file /opt/airflow/dags/dag_gdrive.py for tasks to queue
[2024-01-13 10:37:49,256] {logging_mixin.py:115} INFO - [2024-01-13 10:37:49,256] {dagbag.py:507} INFO - Filling up the DagBag from /opt/airflow/dags/dag_gdrive.py
[2024-01-13 10:37:49,258] {processor.py:653} WARNING - No viable dags retrieved from /opt/airflow/dags/dag_gdrive.py
[2024-01-13 10:37:49,280] {processor.py:161} INFO - Processing /opt/airflow/dags/dag_gdrive.py took 0.030 seconds
[2024-01-13 10:38:19,612] {processor.py:153} INFO - Started process (PID=371) to work on /opt/airflow/dags/dag_gdrive.py
[2024-01-13 10:38:19,613] {processor.py:641} INFO - Processing file /opt/airflow/dags/dag_gdrive.py for tasks to queue
[2024-01-13 10:38:19,614] {logging_mixin.py:115} INFO - [2024-01-13 10:38:19,614] {dagbag.py:507} INFO - Filling up the DagBag from /opt/airflow/dags/dag_gdrive.py
[2024-01-13 10:38:19,617] {processor.py:653} WARNING - No viable dags retrieved from /opt/airflow/dags/dag_gdrive.py
[2024-01-13 10:38:19,634] {processor.py:161} INFO - Processing /opt/airflow/dags/dag_gdrive.py took 0.025 seconds
[2024-01-13 10:38:49,905] {processor.py:153} INFO - Started process (PID=381) to work on /opt/airflow/dags/dag_gdrive.py
[2024-01-13 10:38:49,906] {processor.py:641} INFO - Processing file /opt/airflow/dags/dag_gdrive.py for tasks to queue
[2024-01-13 10:38:49,907] {logging_mixin.py:115} INFO - [2024-01-13 10:38:49,907] {dagbag.py:507} INFO - Filling up the DagBag from /opt/airflow/dags/dag_gdrive.py
[2024-01-13 10:38:49,910] {processor.py:653} WARNING - No viable dags retrieved from /opt/airflow/dags/dag_gdrive.py
[2024-01-13 10:38:49,931] {processor.py:161} INFO - Processing /opt/airflow/dags/dag_gdrive.py took 0.029 seconds
[2024-01-13 10:39:20,214] {processor.py:153} INFO - Started process (PID=391) to work on /opt/airflow/dags/dag_gdrive.py
[2024-01-13 10:39:20,215] {processor.py:641} INFO - Processing file /opt/airflow/dags/dag_gdrive.py for tasks to queue
[2024-01-13 10:39:20,215] {logging_mixin.py:115} INFO - [2024-01-13 10:39:20,215] {dagbag.py:507} INFO - Filling up the DagBag from /opt/airflow/dags/dag_gdrive.py
[2024-01-13 10:39:20,218] {processor.py:653} WARNING - No viable dags retrieved from /opt/airflow/dags/dag_gdrive.py
[2024-01-13 10:39:20,235] {processor.py:161} INFO - Processing /opt/airflow/dags/dag_gdrive.py took 0.029 seconds
[2024-01-13 10:39:50,522] {processor.py:153} INFO - Started process (PID=401) to work on /opt/airflow/dags/dag_gdrive.py
[2024-01-13 10:39:50,523] {processor.py:641} INFO - Processing file /opt/airflow/dags/dag_gdrive.py for tasks to queue
[2024-01-13 10:39:50,523] {logging_mixin.py:115} INFO - [2024-01-13 10:39:50,523] {dagbag.py:507} INFO - Filling up the DagBag from /opt/airflow/dags/dag_gdrive.py
[2024-01-13 10:39:50,526] {processor.py:653} WARNING - No viable dags retrieved from /opt/airflow/dags/dag_gdrive.py
[2024-01-13 10:39:50,543] {processor.py:161} INFO - Processing /opt/airflow/dags/dag_gdrive.py took 0.028 seconds
[2024-01-13 10:40:20,822] {processor.py:153} INFO - Started process (PID=410) to work on /opt/airflow/dags/dag_gdrive.py
[2024-01-13 10:40:20,822] {processor.py:641} INFO - Processing file /opt/airflow/dags/dag_gdrive.py for tasks to queue
[2024-01-13 10:40:20,823] {logging_mixin.py:115} INFO - [2024-01-13 10:40:20,823] {dagbag.py:507} INFO - Filling up the DagBag from /opt/airflow/dags/dag_gdrive.py
[2024-01-13 10:40:20,825] {processor.py:653} WARNING - No viable dags retrieved from /opt/airflow/dags/dag_gdrive.py
[2024-01-13 10:40:20,837] {processor.py:161} INFO - Processing /opt/airflow/dags/dag_gdrive.py took 0.022 seconds
[2024-01-13 10:40:51,171] {processor.py:153} INFO - Started process (PID=421) to work on /opt/airflow/dags/dag_gdrive.py
[2024-01-13 10:40:51,172] {processor.py:641} INFO - Processing file /opt/airflow/dags/dag_gdrive.py for tasks to queue
[2024-01-13 10:40:51,173] {logging_mixin.py:115} INFO - [2024-01-13 10:40:51,173] {dagbag.py:507} INFO - Filling up the DagBag from /opt/airflow/dags/dag_gdrive.py
[2024-01-13 10:40:51,175] {processor.py:653} WARNING - No viable dags retrieved from /opt/airflow/dags/dag_gdrive.py
[2024-01-13 10:40:51,192] {processor.py:161} INFO - Processing /opt/airflow/dags/dag_gdrive.py took 0.028 seconds
[2024-01-13 10:41:21,554] {processor.py:153} INFO - Started process (PID=431) to work on /opt/airflow/dags/dag_gdrive.py
[2024-01-13 10:41:21,555] {processor.py:641} INFO - Processing file /opt/airflow/dags/dag_gdrive.py for tasks to queue
[2024-01-13 10:41:21,555] {logging_mixin.py:115} INFO - [2024-01-13 10:41:21,555] {dagbag.py:507} INFO - Filling up the DagBag from /opt/airflow/dags/dag_gdrive.py
[2024-01-13 10:41:21,558] {processor.py:653} WARNING - No viable dags retrieved from /opt/airflow/dags/dag_gdrive.py
[2024-01-13 10:41:21,573] {processor.py:161} INFO - Processing /opt/airflow/dags/dag_gdrive.py took 0.027 seconds
[2024-01-13 10:41:52,008] {processor.py:153} INFO - Started process (PID=441) to work on /opt/airflow/dags/dag_gdrive.py
[2024-01-13 10:41:52,008] {processor.py:641} INFO - Processing file /opt/airflow/dags/dag_gdrive.py for tasks to queue
[2024-01-13 10:41:52,009] {logging_mixin.py:115} INFO - [2024-01-13 10:41:52,009] {dagbag.py:507} INFO - Filling up the DagBag from /opt/airflow/dags/dag_gdrive.py
[2024-01-13 10:41:52,012] {processor.py:653} WARNING - No viable dags retrieved from /opt/airflow/dags/dag_gdrive.py
[2024-01-13 10:41:52,031] {processor.py:161} INFO - Processing /opt/airflow/dags/dag_gdrive.py took 0.028 seconds
[2024-01-13 10:42:22,336] {processor.py:153} INFO - Started process (PID=450) to work on /opt/airflow/dags/dag_gdrive.py
[2024-01-13 10:42:22,337] {processor.py:641} INFO - Processing file /opt/airflow/dags/dag_gdrive.py for tasks to queue
[2024-01-13 10:42:22,338] {logging_mixin.py:115} INFO - [2024-01-13 10:42:22,338] {dagbag.py:507} INFO - Filling up the DagBag from /opt/airflow/dags/dag_gdrive.py
[2024-01-13 10:42:22,341] {processor.py:653} WARNING - No viable dags retrieved from /opt/airflow/dags/dag_gdrive.py
[2024-01-13 10:42:22,356] {processor.py:161} INFO - Processing /opt/airflow/dags/dag_gdrive.py took 0.027 seconds
[2024-01-13 10:42:52,626] {processor.py:153} INFO - Started process (PID=461) to work on /opt/airflow/dags/dag_gdrive.py
[2024-01-13 10:42:52,627] {processor.py:641} INFO - Processing file /opt/airflow/dags/dag_gdrive.py for tasks to queue
[2024-01-13 10:42:52,627] {logging_mixin.py:115} INFO - [2024-01-13 10:42:52,627] {dagbag.py:507} INFO - Filling up the DagBag from /opt/airflow/dags/dag_gdrive.py
[2024-01-13 10:42:52,630] {processor.py:653} WARNING - No viable dags retrieved from /opt/airflow/dags/dag_gdrive.py
[2024-01-13 10:42:52,650] {processor.py:161} INFO - Processing /opt/airflow/dags/dag_gdrive.py took 0.031 seconds
[2024-01-13 10:43:22,944] {processor.py:153} INFO - Started process (PID=470) to work on /opt/airflow/dags/dag_gdrive.py
[2024-01-13 10:43:22,945] {processor.py:641} INFO - Processing file /opt/airflow/dags/dag_gdrive.py for tasks to queue
[2024-01-13 10:43:22,946] {logging_mixin.py:115} INFO - [2024-01-13 10:43:22,945] {dagbag.py:507} INFO - Filling up the DagBag from /opt/airflow/dags/dag_gdrive.py
[2024-01-13 10:43:22,948] {processor.py:653} WARNING - No viable dags retrieved from /opt/airflow/dags/dag_gdrive.py
[2024-01-13 10:43:22,966] {processor.py:161} INFO - Processing /opt/airflow/dags/dag_gdrive.py took 0.030 seconds
[2024-01-13 10:43:53,247] {processor.py:153} INFO - Started process (PID=481) to work on /opt/airflow/dags/dag_gdrive.py
[2024-01-13 10:43:53,248] {processor.py:641} INFO - Processing file /opt/airflow/dags/dag_gdrive.py for tasks to queue
[2024-01-13 10:43:53,248] {logging_mixin.py:115} INFO - [2024-01-13 10:43:53,248] {dagbag.py:507} INFO - Filling up the DagBag from /opt/airflow/dags/dag_gdrive.py
[2024-01-13 10:43:53,251] {processor.py:653} WARNING - No viable dags retrieved from /opt/airflow/dags/dag_gdrive.py
[2024-01-13 10:43:53,266] {processor.py:161} INFO - Processing /opt/airflow/dags/dag_gdrive.py took 0.026 seconds
[2024-01-13 10:44:23,612] {processor.py:153} INFO - Started process (PID=491) to work on /opt/airflow/dags/dag_gdrive.py
[2024-01-13 10:44:23,613] {processor.py:641} INFO - Processing file /opt/airflow/dags/dag_gdrive.py for tasks to queue
[2024-01-13 10:44:23,614] {logging_mixin.py:115} INFO - [2024-01-13 10:44:23,614] {dagbag.py:507} INFO - Filling up the DagBag from /opt/airflow/dags/dag_gdrive.py
[2024-01-13 10:44:23,617] {processor.py:653} WARNING - No viable dags retrieved from /opt/airflow/dags/dag_gdrive.py
[2024-01-13 10:44:23,632] {processor.py:161} INFO - Processing /opt/airflow/dags/dag_gdrive.py took 0.023 seconds
[2024-01-13 10:44:53,898] {processor.py:153} INFO - Started process (PID=500) to work on /opt/airflow/dags/dag_gdrive.py
[2024-01-13 10:44:53,899] {processor.py:641} INFO - Processing file /opt/airflow/dags/dag_gdrive.py for tasks to queue
[2024-01-13 10:44:53,899] {logging_mixin.py:115} INFO - [2024-01-13 10:44:53,899] {dagbag.py:507} INFO - Filling up the DagBag from /opt/airflow/dags/dag_gdrive.py
[2024-01-13 10:44:53,902] {processor.py:653} WARNING - No viable dags retrieved from /opt/airflow/dags/dag_gdrive.py
[2024-01-13 10:44:53,913] {processor.py:161} INFO - Processing /opt/airflow/dags/dag_gdrive.py took 0.018 seconds
[2024-01-13 10:45:24,181] {processor.py:153} INFO - Started process (PID=511) to work on /opt/airflow/dags/dag_gdrive.py
[2024-01-13 10:45:24,181] {processor.py:641} INFO - Processing file /opt/airflow/dags/dag_gdrive.py for tasks to queue
[2024-01-13 10:45:24,182] {logging_mixin.py:115} INFO - [2024-01-13 10:45:24,182] {dagbag.py:507} INFO - Filling up the DagBag from /opt/airflow/dags/dag_gdrive.py
[2024-01-13 10:45:24,185] {processor.py:653} WARNING - No viable dags retrieved from /opt/airflow/dags/dag_gdrive.py
[2024-01-13 10:45:24,202] {processor.py:161} INFO - Processing /opt/airflow/dags/dag_gdrive.py took 0.025 seconds
[2024-01-13 10:45:54,536] {processor.py:153} INFO - Started process (PID=521) to work on /opt/airflow/dags/dag_gdrive.py
[2024-01-13 10:45:54,537] {processor.py:641} INFO - Processing file /opt/airflow/dags/dag_gdrive.py for tasks to queue
[2024-01-13 10:45:54,537] {logging_mixin.py:115} INFO - [2024-01-13 10:45:54,537] {dagbag.py:507} INFO - Filling up the DagBag from /opt/airflow/dags/dag_gdrive.py
[2024-01-13 10:45:54,540] {processor.py:653} WARNING - No viable dags retrieved from /opt/airflow/dags/dag_gdrive.py
[2024-01-13 10:45:54,556] {processor.py:161} INFO - Processing /opt/airflow/dags/dag_gdrive.py took 0.024 seconds
[2024-01-13 10:46:24,876] {processor.py:153} INFO - Started process (PID=531) to work on /opt/airflow/dags/dag_gdrive.py
[2024-01-13 10:46:24,876] {processor.py:641} INFO - Processing file /opt/airflow/dags/dag_gdrive.py for tasks to queue
[2024-01-13 10:46:24,876] {logging_mixin.py:115} INFO - [2024-01-13 10:46:24,876] {dagbag.py:507} INFO - Filling up the DagBag from /opt/airflow/dags/dag_gdrive.py
[2024-01-13 10:46:24,878] {processor.py:653} WARNING - No viable dags retrieved from /opt/airflow/dags/dag_gdrive.py
[2024-01-13 10:46:24,890] {processor.py:161} INFO - Processing /opt/airflow/dags/dag_gdrive.py took 0.017 seconds
[2024-01-13 10:46:55,164] {processor.py:153} INFO - Started process (PID=541) to work on /opt/airflow/dags/dag_gdrive.py
[2024-01-13 10:46:55,165] {processor.py:641} INFO - Processing file /opt/airflow/dags/dag_gdrive.py for tasks to queue
[2024-01-13 10:46:55,166] {logging_mixin.py:115} INFO - [2024-01-13 10:46:55,166] {dagbag.py:507} INFO - Filling up the DagBag from /opt/airflow/dags/dag_gdrive.py
[2024-01-13 10:46:55,169] {processor.py:653} WARNING - No viable dags retrieved from /opt/airflow/dags/dag_gdrive.py
[2024-01-13 10:46:55,182] {processor.py:161} INFO - Processing /opt/airflow/dags/dag_gdrive.py took 0.021 seconds
[2024-01-13 10:47:25,428] {processor.py:153} INFO - Started process (PID=551) to work on /opt/airflow/dags/dag_gdrive.py
[2024-01-13 10:47:25,429] {processor.py:641} INFO - Processing file /opt/airflow/dags/dag_gdrive.py for tasks to queue
[2024-01-13 10:47:25,429] {logging_mixin.py:115} INFO - [2024-01-13 10:47:25,429] {dagbag.py:507} INFO - Filling up the DagBag from /opt/airflow/dags/dag_gdrive.py
[2024-01-13 10:47:25,431] {processor.py:653} WARNING - No viable dags retrieved from /opt/airflow/dags/dag_gdrive.py
[2024-01-13 10:47:25,441] {processor.py:161} INFO - Processing /opt/airflow/dags/dag_gdrive.py took 0.015 seconds
[2024-01-13 10:47:55,741] {processor.py:153} INFO - Started process (PID=561) to work on /opt/airflow/dags/dag_gdrive.py
[2024-01-13 10:47:55,741] {processor.py:641} INFO - Processing file /opt/airflow/dags/dag_gdrive.py for tasks to queue
[2024-01-13 10:47:55,742] {logging_mixin.py:115} INFO - [2024-01-13 10:47:55,742] {dagbag.py:507} INFO - Filling up the DagBag from /opt/airflow/dags/dag_gdrive.py
[2024-01-13 10:47:55,744] {processor.py:653} WARNING - No viable dags retrieved from /opt/airflow/dags/dag_gdrive.py
[2024-01-13 10:47:55,757] {processor.py:161} INFO - Processing /opt/airflow/dags/dag_gdrive.py took 0.019 seconds
[2024-01-13 10:48:26,051] {processor.py:153} INFO - Started process (PID=571) to work on /opt/airflow/dags/dag_gdrive.py
[2024-01-13 10:48:26,052] {processor.py:641} INFO - Processing file /opt/airflow/dags/dag_gdrive.py for tasks to queue
[2024-01-13 10:48:26,053] {logging_mixin.py:115} INFO - [2024-01-13 10:48:26,053] {dagbag.py:507} INFO - Filling up the DagBag from /opt/airflow/dags/dag_gdrive.py
[2024-01-13 10:48:26,056] {processor.py:653} WARNING - No viable dags retrieved from /opt/airflow/dags/dag_gdrive.py
[2024-01-13 10:48:26,075] {processor.py:161} INFO - Processing /opt/airflow/dags/dag_gdrive.py took 0.028 seconds
[2024-01-13 10:48:56,369] {processor.py:153} INFO - Started process (PID=581) to work on /opt/airflow/dags/dag_gdrive.py
[2024-01-13 10:48:56,369] {processor.py:641} INFO - Processing file /opt/airflow/dags/dag_gdrive.py for tasks to queue
[2024-01-13 10:48:56,370] {logging_mixin.py:115} INFO - [2024-01-13 10:48:56,370] {dagbag.py:507} INFO - Filling up the DagBag from /opt/airflow/dags/dag_gdrive.py
[2024-01-13 10:48:56,373] {processor.py:653} WARNING - No viable dags retrieved from /opt/airflow/dags/dag_gdrive.py
[2024-01-13 10:48:56,390] {processor.py:161} INFO - Processing /opt/airflow/dags/dag_gdrive.py took 0.026 seconds
[2024-01-13 10:49:26,704] {processor.py:153} INFO - Started process (PID=591) to work on /opt/airflow/dags/dag_gdrive.py
[2024-01-13 10:49:26,705] {processor.py:641} INFO - Processing file /opt/airflow/dags/dag_gdrive.py for tasks to queue
[2024-01-13 10:49:26,705] {logging_mixin.py:115} INFO - [2024-01-13 10:49:26,705] {dagbag.py:507} INFO - Filling up the DagBag from /opt/airflow/dags/dag_gdrive.py
[2024-01-13 10:49:26,709] {processor.py:653} WARNING - No viable dags retrieved from /opt/airflow/dags/dag_gdrive.py
[2024-01-13 10:49:26,724] {processor.py:161} INFO - Processing /opt/airflow/dags/dag_gdrive.py took 0.023 seconds
[2024-01-13 10:49:57,010] {processor.py:153} INFO - Started process (PID=600) to work on /opt/airflow/dags/dag_gdrive.py
[2024-01-13 10:49:57,010] {processor.py:641} INFO - Processing file /opt/airflow/dags/dag_gdrive.py for tasks to queue
[2024-01-13 10:49:57,011] {logging_mixin.py:115} INFO - [2024-01-13 10:49:57,011] {dagbag.py:507} INFO - Filling up the DagBag from /opt/airflow/dags/dag_gdrive.py
[2024-01-13 10:49:57,014] {processor.py:653} WARNING - No viable dags retrieved from /opt/airflow/dags/dag_gdrive.py
[2024-01-13 10:49:57,031] {processor.py:161} INFO - Processing /opt/airflow/dags/dag_gdrive.py took 0.025 seconds
[2024-01-13 10:50:27,300] {processor.py:153} INFO - Started process (PID=611) to work on /opt/airflow/dags/dag_gdrive.py
[2024-01-13 10:50:27,301] {processor.py:641} INFO - Processing file /opt/airflow/dags/dag_gdrive.py for tasks to queue
[2024-01-13 10:50:27,301] {logging_mixin.py:115} INFO - [2024-01-13 10:50:27,301] {dagbag.py:507} INFO - Filling up the DagBag from /opt/airflow/dags/dag_gdrive.py
[2024-01-13 10:50:27,304] {processor.py:653} WARNING - No viable dags retrieved from /opt/airflow/dags/dag_gdrive.py
[2024-01-13 10:50:27,321] {processor.py:161} INFO - Processing /opt/airflow/dags/dag_gdrive.py took 0.025 seconds
[2024-01-13 10:50:57,624] {processor.py:153} INFO - Started process (PID=621) to work on /opt/airflow/dags/dag_gdrive.py
[2024-01-13 10:50:57,625] {processor.py:641} INFO - Processing file /opt/airflow/dags/dag_gdrive.py for tasks to queue
[2024-01-13 10:50:57,626] {logging_mixin.py:115} INFO - [2024-01-13 10:50:57,626] {dagbag.py:507} INFO - Filling up the DagBag from /opt/airflow/dags/dag_gdrive.py
[2024-01-13 10:50:57,629] {processor.py:653} WARNING - No viable dags retrieved from /opt/airflow/dags/dag_gdrive.py
[2024-01-13 10:50:57,647] {processor.py:161} INFO - Processing /opt/airflow/dags/dag_gdrive.py took 0.027 seconds
[2024-01-13 10:51:27,930] {processor.py:153} INFO - Started process (PID=630) to work on /opt/airflow/dags/dag_gdrive.py
[2024-01-13 10:51:27,931] {processor.py:641} INFO - Processing file /opt/airflow/dags/dag_gdrive.py for tasks to queue
[2024-01-13 10:51:27,931] {logging_mixin.py:115} INFO - [2024-01-13 10:51:27,931] {dagbag.py:507} INFO - Filling up the DagBag from /opt/airflow/dags/dag_gdrive.py
[2024-01-13 10:51:27,933] {processor.py:653} WARNING - No viable dags retrieved from /opt/airflow/dags/dag_gdrive.py
[2024-01-13 10:51:27,944] {processor.py:161} INFO - Processing /opt/airflow/dags/dag_gdrive.py took 0.016 seconds
[2024-01-13 10:51:58,255] {processor.py:153} INFO - Started process (PID=641) to work on /opt/airflow/dags/dag_gdrive.py
[2024-01-13 10:51:58,256] {processor.py:641} INFO - Processing file /opt/airflow/dags/dag_gdrive.py for tasks to queue
[2024-01-13 10:51:58,257] {logging_mixin.py:115} INFO - [2024-01-13 10:51:58,257] {dagbag.py:507} INFO - Filling up the DagBag from /opt/airflow/dags/dag_gdrive.py
[2024-01-13 10:51:58,260] {processor.py:653} WARNING - No viable dags retrieved from /opt/airflow/dags/dag_gdrive.py
[2024-01-13 10:51:58,277] {processor.py:161} INFO - Processing /opt/airflow/dags/dag_gdrive.py took 0.025 seconds
[2024-01-13 10:52:28,584] {processor.py:153} INFO - Started process (PID=651) to work on /opt/airflow/dags/dag_gdrive.py
[2024-01-13 10:52:28,585] {processor.py:641} INFO - Processing file /opt/airflow/dags/dag_gdrive.py for tasks to queue
[2024-01-13 10:52:28,585] {logging_mixin.py:115} INFO - [2024-01-13 10:52:28,585] {dagbag.py:507} INFO - Filling up the DagBag from /opt/airflow/dags/dag_gdrive.py
[2024-01-13 10:52:28,588] {processor.py:653} WARNING - No viable dags retrieved from /opt/airflow/dags/dag_gdrive.py
[2024-01-13 10:52:28,605] {processor.py:161} INFO - Processing /opt/airflow/dags/dag_gdrive.py took 0.025 seconds
[2024-01-13 10:52:58,913] {processor.py:153} INFO - Started process (PID=661) to work on /opt/airflow/dags/dag_gdrive.py
[2024-01-13 10:52:58,914] {processor.py:641} INFO - Processing file /opt/airflow/dags/dag_gdrive.py for tasks to queue
[2024-01-13 10:52:58,914] {logging_mixin.py:115} INFO - [2024-01-13 10:52:58,914] {dagbag.py:507} INFO - Filling up the DagBag from /opt/airflow/dags/dag_gdrive.py
[2024-01-13 10:52:58,916] {processor.py:653} WARNING - No viable dags retrieved from /opt/airflow/dags/dag_gdrive.py
[2024-01-13 10:52:58,930] {processor.py:161} INFO - Processing /opt/airflow/dags/dag_gdrive.py took 0.020 seconds
[2024-01-13 10:53:29,214] {processor.py:153} INFO - Started process (PID=671) to work on /opt/airflow/dags/dag_gdrive.py
[2024-01-13 10:53:29,214] {processor.py:641} INFO - Processing file /opt/airflow/dags/dag_gdrive.py for tasks to queue
[2024-01-13 10:53:29,215] {logging_mixin.py:115} INFO - [2024-01-13 10:53:29,215] {dagbag.py:507} INFO - Filling up the DagBag from /opt/airflow/dags/dag_gdrive.py
[2024-01-13 10:53:29,219] {processor.py:653} WARNING - No viable dags retrieved from /opt/airflow/dags/dag_gdrive.py
[2024-01-13 10:53:29,236] {processor.py:161} INFO - Processing /opt/airflow/dags/dag_gdrive.py took 0.026 seconds
