[2024-01-16 16:20:28,109] {taskinstance.py:1159} INFO - Dependencies all met for <TaskInstance: dag_transfer_gdrive_to_postgresql.process_csv manual__2024-01-16T16:20:10.864901+00:00 [queued]>
[2024-01-16 16:20:28,115] {taskinstance.py:1159} INFO - Dependencies all met for <TaskInstance: dag_transfer_gdrive_to_postgresql.process_csv manual__2024-01-16T16:20:10.864901+00:00 [queued]>
[2024-01-16 16:20:28,115] {taskinstance.py:1356} INFO - 
--------------------------------------------------------------------------------
[2024-01-16 16:20:28,115] {taskinstance.py:1357} INFO - Starting attempt 1 of 3
[2024-01-16 16:20:28,116] {taskinstance.py:1358} INFO - 
--------------------------------------------------------------------------------
[2024-01-16 16:20:28,124] {taskinstance.py:1377} INFO - Executing <Task(PythonOperator): process_csv> on 2024-01-16 16:20:10.864901+00:00
[2024-01-16 16:20:28,127] {standard_task_runner.py:52} INFO - Started process 2040 to run task
[2024-01-16 16:20:28,130] {standard_task_runner.py:79} INFO - Running: ['***', 'tasks', 'run', 'dag_transfer_gdrive_to_postgresql', 'process_csv', 'manual__2024-01-16T16:20:10.864901+00:00', '--job-id', '59', '--raw', '--subdir', 'DAGS_FOLDER/dag_gdrive_to_postgres.py', '--cfg-path', '/tmp/tmp8hywq9gq', '--error-file', '/tmp/tmpr5kf78ay']
[2024-01-16 16:20:28,131] {standard_task_runner.py:80} INFO - Job 59: Subtask process_csv
[2024-01-16 16:20:28,166] {task_command.py:369} INFO - Running <TaskInstance: dag_transfer_gdrive_to_postgresql.process_csv manual__2024-01-16T16:20:10.864901+00:00 [running]> on host 3c1ede9470c0
[2024-01-16 16:20:28,212] {taskinstance.py:1571} INFO - Exporting the following env vars:
AIRFLOW_CTX_DAG_OWNER=***
AIRFLOW_CTX_DAG_ID=dag_transfer_gdrive_to_postgresql
AIRFLOW_CTX_TASK_ID=process_csv
AIRFLOW_CTX_EXECUTION_DATE=2024-01-16T16:20:10.864901+00:00
AIRFLOW_CTX_TRY_NUMBER=1
AIRFLOW_CTX_DAG_RUN_ID=manual__2024-01-16T16:20:10.864901+00:00
[2024-01-16 16:20:28,219] {logging_mixin.py:115} INFO - file:  2023-10-02.csv
[2024-01-16 16:20:28,243] {python.py:173} INFO - Done. Returned value was: None
[2024-01-16 16:20:28,250] {taskinstance.py:1400} INFO - Marking task as SUCCESS. dag_id=dag_transfer_gdrive_to_postgresql, task_id=process_csv, execution_date=20240116T162010, start_date=20240116T162028, end_date=20240116T162028
[2024-01-16 16:20:28,263] {local_task_job.py:156} INFO - Task exited with return code 0
[2024-01-16 16:20:28,292] {local_task_job.py:273} INFO - 1 downstream tasks scheduled from follow-on schedule check
