[2024-01-16 16:36:38,011] {taskinstance.py:1159} INFO - Dependencies all met for <TaskInstance: dag_transfer_gdrive_to_postgresql.upsert_data manual__2024-01-16T16:29:16.093065+00:00 [queued]>
[2024-01-16 16:36:38,018] {taskinstance.py:1159} INFO - Dependencies all met for <TaskInstance: dag_transfer_gdrive_to_postgresql.upsert_data manual__2024-01-16T16:29:16.093065+00:00 [queued]>
[2024-01-16 16:36:38,018] {taskinstance.py:1356} INFO - 
--------------------------------------------------------------------------------
[2024-01-16 16:36:38,018] {taskinstance.py:1357} INFO - Starting attempt 4 of 6
[2024-01-16 16:36:38,018] {taskinstance.py:1358} INFO - 
--------------------------------------------------------------------------------
[2024-01-16 16:36:38,028] {taskinstance.py:1377} INFO - Executing <Task(PythonOperator): upsert_data> on 2024-01-16 16:29:16.093065+00:00
[2024-01-16 16:36:38,031] {standard_task_runner.py:52} INFO - Started process 2529 to run task
[2024-01-16 16:36:38,034] {standard_task_runner.py:79} INFO - Running: ['***', 'tasks', 'run', 'dag_transfer_gdrive_to_postgresql', 'upsert_data', 'manual__2024-01-16T16:29:16.093065+00:00', '--job-id', '72', '--raw', '--subdir', 'DAGS_FOLDER/dag_gdrive_to_postgres.py', '--cfg-path', '/tmp/tmpigctm_6y', '--error-file', '/tmp/tmpsj5ychb6']
[2024-01-16 16:36:38,035] {standard_task_runner.py:80} INFO - Job 72: Subtask upsert_data
[2024-01-16 16:36:38,073] {task_command.py:369} INFO - Running <TaskInstance: dag_transfer_gdrive_to_postgresql.upsert_data manual__2024-01-16T16:29:16.093065+00:00 [running]> on host 3c1ede9470c0
[2024-01-16 16:36:38,119] {taskinstance.py:1571} INFO - Exporting the following env vars:
AIRFLOW_CTX_DAG_OWNER=***
AIRFLOW_CTX_DAG_ID=dag_transfer_gdrive_to_postgresql
AIRFLOW_CTX_TASK_ID=upsert_data
AIRFLOW_CTX_EXECUTION_DATE=2024-01-16T16:29:16.093065+00:00
AIRFLOW_CTX_TRY_NUMBER=4
AIRFLOW_CTX_DAG_RUN_ID=manual__2024-01-16T16:29:16.093065+00:00
[2024-01-16 16:36:38,412] {python.py:173} INFO - Done. Returned value was: None
[2024-01-16 16:36:38,421] {taskinstance.py:1400} INFO - Marking task as SUCCESS. dag_id=dag_transfer_gdrive_to_postgresql, task_id=upsert_data, execution_date=20240116T162916, start_date=20240116T163638, end_date=20240116T163638
[2024-01-16 16:36:38,471] {local_task_job.py:156} INFO - Task exited with return code 0
[2024-01-16 16:36:38,493] {local_task_job.py:273} INFO - 0 downstream tasks scheduled from follow-on schedule check
