[2024-01-16 16:10:46,648] {taskinstance.py:1159} INFO - Dependencies all met for <TaskInstance: dag_transfer_gdrive_to_postgresql.process_csv manual__2024-01-16T16:10:29.097873+00:00 [queued]>
[2024-01-16 16:10:46,655] {taskinstance.py:1159} INFO - Dependencies all met for <TaskInstance: dag_transfer_gdrive_to_postgresql.process_csv manual__2024-01-16T16:10:29.097873+00:00 [queued]>
[2024-01-16 16:10:46,656] {taskinstance.py:1356} INFO - 
--------------------------------------------------------------------------------
[2024-01-16 16:10:46,656] {taskinstance.py:1357} INFO - Starting attempt 1 of 3
[2024-01-16 16:10:46,656] {taskinstance.py:1358} INFO - 
--------------------------------------------------------------------------------
[2024-01-16 16:10:46,665] {taskinstance.py:1377} INFO - Executing <Task(PythonOperator): process_csv> on 2024-01-16 16:10:29.097873+00:00
[2024-01-16 16:10:46,669] {standard_task_runner.py:52} INFO - Started process 1771 to run task
[2024-01-16 16:10:46,672] {standard_task_runner.py:79} INFO - Running: ['***', 'tasks', 'run', 'dag_transfer_gdrive_to_postgresql', 'process_csv', 'manual__2024-01-16T16:10:29.097873+00:00', '--job-id', '52', '--raw', '--subdir', 'DAGS_FOLDER/dag_gdrive_to_postgres.py', '--cfg-path', '/tmp/tmp216ff492', '--error-file', '/tmp/tmphkm6nfni']
[2024-01-16 16:10:46,673] {standard_task_runner.py:80} INFO - Job 52: Subtask process_csv
[2024-01-16 16:10:46,709] {task_command.py:369} INFO - Running <TaskInstance: dag_transfer_gdrive_to_postgresql.process_csv manual__2024-01-16T16:10:29.097873+00:00 [running]> on host 3c1ede9470c0
[2024-01-16 16:10:46,758] {taskinstance.py:1571} INFO - Exporting the following env vars:
AIRFLOW_CTX_DAG_OWNER=***
AIRFLOW_CTX_DAG_ID=dag_transfer_gdrive_to_postgresql
AIRFLOW_CTX_TASK_ID=process_csv
AIRFLOW_CTX_EXECUTION_DATE=2024-01-16T16:10:29.097873+00:00
AIRFLOW_CTX_TRY_NUMBER=1
AIRFLOW_CTX_DAG_RUN_ID=manual__2024-01-16T16:10:29.097873+00:00
[2024-01-16 16:10:46,766] {logging_mixin.py:115} INFO - file:  2023-10-02.csv
[2024-01-16 16:10:46,793] {python.py:173} INFO - Done. Returned value was: None
[2024-01-16 16:10:46,801] {taskinstance.py:1400} INFO - Marking task as SUCCESS. dag_id=dag_transfer_gdrive_to_postgresql, task_id=process_csv, execution_date=20240116T161029, start_date=20240116T161046, end_date=20240116T161046
[2024-01-16 16:10:46,849] {local_task_job.py:156} INFO - Task exited with return code 0
[2024-01-16 16:10:46,882] {local_task_job.py:273} INFO - 1 downstream tasks scheduled from follow-on schedule check
