[2024-01-16 16:32:59,894] {taskinstance.py:1159} INFO - Dependencies all met for <TaskInstance: dag_transfer_gdrive_to_postgresql.create_ddl manual__2024-01-16T16:29:16.093065+00:00 [queued]>
[2024-01-16 16:32:59,900] {taskinstance.py:1159} INFO - Dependencies all met for <TaskInstance: dag_transfer_gdrive_to_postgresql.create_ddl manual__2024-01-16T16:29:16.093065+00:00 [queued]>
[2024-01-16 16:32:59,901] {taskinstance.py:1356} INFO - 
--------------------------------------------------------------------------------
[2024-01-16 16:32:59,901] {taskinstance.py:1357} INFO - Starting attempt 2 of 4
[2024-01-16 16:32:59,901] {taskinstance.py:1358} INFO - 
--------------------------------------------------------------------------------
[2024-01-16 16:32:59,910] {taskinstance.py:1377} INFO - Executing <Task(PythonOperator): create_ddl> on 2024-01-16 16:29:16.093065+00:00
[2024-01-16 16:32:59,914] {standard_task_runner.py:52} INFO - Started process 2393 to run task
[2024-01-16 16:32:59,917] {standard_task_runner.py:79} INFO - Running: ['***', 'tasks', 'run', 'dag_transfer_gdrive_to_postgresql', 'create_ddl', 'manual__2024-01-16T16:29:16.093065+00:00', '--job-id', '68', '--raw', '--subdir', 'DAGS_FOLDER/dag_gdrive_to_postgres.py', '--cfg-path', '/tmp/tmppd9wl85h', '--error-file', '/tmp/tmppph37a2v']
[2024-01-16 16:32:59,919] {standard_task_runner.py:80} INFO - Job 68: Subtask create_ddl
[2024-01-16 16:32:59,962] {task_command.py:369} INFO - Running <TaskInstance: dag_transfer_gdrive_to_postgresql.create_ddl manual__2024-01-16T16:29:16.093065+00:00 [running]> on host 3c1ede9470c0
[2024-01-16 16:33:00,015] {taskinstance.py:1571} INFO - Exporting the following env vars:
AIRFLOW_CTX_DAG_OWNER=***
AIRFLOW_CTX_DAG_ID=dag_transfer_gdrive_to_postgresql
AIRFLOW_CTX_TASK_ID=create_ddl
AIRFLOW_CTX_EXECUTION_DATE=2024-01-16T16:29:16.093065+00:00
AIRFLOW_CTX_TRY_NUMBER=2
AIRFLOW_CTX_DAG_RUN_ID=manual__2024-01-16T16:29:16.093065+00:00
[2024-01-16 16:33:02,972] {logging_mixin.py:115} INFO - Successfully install psycopg2-binary
[2024-01-16 16:33:02,973] {logging_mixin.py:115} INFO - Connecting to the PostgreSOL database... os.environ.get ('POSTGRES_USER') ***
[2024-01-16 16:33:02,992] {logging_mixin.py:115} INFO - Table creation successful.
[2024-01-16 16:33:02,993] {python.py:173} INFO - Done. Returned value was: None
[2024-01-16 16:33:03,005] {taskinstance.py:1400} INFO - Marking task as SUCCESS. dag_id=dag_transfer_gdrive_to_postgresql, task_id=create_ddl, execution_date=20240116T162916, start_date=20240116T163259, end_date=20240116T163303
[2024-01-16 16:33:03,052] {local_task_job.py:156} INFO - Task exited with return code 0
[2024-01-16 16:33:03,084] {local_task_job.py:273} INFO - 1 downstream tasks scheduled from follow-on schedule check
