[2024-01-16 15:27:37,920] {taskinstance.py:1159} INFO - Dependencies all met for <TaskInstance: dag_transfer_gdrive_to_postgresql.check_file_if_exists manual__2024-01-16T15:27:37.616595+00:00 [queued]>
[2024-01-16 15:27:37,928] {taskinstance.py:1159} INFO - Dependencies all met for <TaskInstance: dag_transfer_gdrive_to_postgresql.check_file_if_exists manual__2024-01-16T15:27:37.616595+00:00 [queued]>
[2024-01-16 15:27:37,928] {taskinstance.py:1356} INFO - 
--------------------------------------------------------------------------------
[2024-01-16 15:27:37,928] {taskinstance.py:1357} INFO - Starting attempt 1 of 3
[2024-01-16 15:27:37,928] {taskinstance.py:1358} INFO - 
--------------------------------------------------------------------------------
[2024-01-16 15:27:37,938] {taskinstance.py:1377} INFO - Executing <Task(PythonOperator): check_file_if_exists> on 2024-01-16 15:27:37.616595+00:00
[2024-01-16 15:27:37,941] {standard_task_runner.py:52} INFO - Started process 581 to run task
[2024-01-16 15:27:37,944] {standard_task_runner.py:79} INFO - Running: ['***', 'tasks', 'run', 'dag_transfer_gdrive_to_postgresql', 'check_file_if_exists', 'manual__2024-01-16T15:27:37.616595+00:00', '--job-id', '17', '--raw', '--subdir', 'DAGS_FOLDER/dag_gdrive_to_postgres.py', '--cfg-path', '/tmp/tmpoluzzduv', '--error-file', '/tmp/tmpnz4yguyt']
[2024-01-16 15:27:37,946] {standard_task_runner.py:80} INFO - Job 17: Subtask check_file_if_exists
[2024-01-16 15:27:37,995] {task_command.py:369} INFO - Running <TaskInstance: dag_transfer_gdrive_to_postgresql.check_file_if_exists manual__2024-01-16T15:27:37.616595+00:00 [running]> on host 3c1ede9470c0
[2024-01-16 15:27:38,053] {taskinstance.py:1571} INFO - Exporting the following env vars:
AIRFLOW_CTX_DAG_OWNER=***
AIRFLOW_CTX_DAG_ID=dag_transfer_gdrive_to_postgresql
AIRFLOW_CTX_TASK_ID=check_file_if_exists
AIRFLOW_CTX_EXECUTION_DATE=2024-01-16T15:27:37.616595+00:00
AIRFLOW_CTX_TRY_NUMBER=1
AIRFLOW_CTX_DAG_RUN_ID=manual__2024-01-16T15:27:37.616595+00:00
[2024-01-16 15:27:38,054] {dag_gdrive_to_postgres.py:77} INFO - This is an info message
[2024-01-16 15:27:38,054] {logging_mixin.py:115} INFO - masuk kesini woy
[2024-01-16 15:27:38,055] {logging_mixin.py:115} INFO - 1
[2024-01-16 15:27:38,071] {logging_mixin.py:115} INFO - 2
[2024-01-16 15:27:38,073] {taskinstance.py:1889} ERROR - Task failed with exception
Traceback (most recent call last):
  File "/home/airflow/.local/lib/python3.7/site-packages/airflow/operators/python.py", line 171, in execute
    return_value = self.execute_callable()
  File "/home/airflow/.local/lib/python3.7/site-packages/airflow/operators/python.py", line 189, in execute_callable
    return self.python_callable(*self.op_args, **self.op_kwargs)
  File "/opt/airflow/dags/dag_gdrive_to_postgres.py", line 85, in _check_file_if_exist
    creds = __authenticate()
  File "/opt/airflow/dags/dag_gdrive_to_postgres.py", line 29, in __authenticate
    __install_packages(packages_to_install)
  File "/opt/airflow/dags/dag_gdrive_to_postgres.py", line 19, in __install_packages
    subprocess.check_call('pip3', 'install', package)
  File "/usr/local/lib/python3.7/subprocess.py", line 358, in check_call
    retcode = call(*popenargs, **kwargs)
  File "/usr/local/lib/python3.7/subprocess.py", line 339, in call
    with Popen(*popenargs, **kwargs) as p:
  File "/usr/local/lib/python3.7/subprocess.py", line 702, in __init__
    raise TypeError("bufsize must be an integer")
TypeError: bufsize must be an integer
[2024-01-16 15:27:38,080] {taskinstance.py:1400} INFO - Marking task as UP_FOR_RETRY. dag_id=dag_transfer_gdrive_to_postgresql, task_id=check_file_if_exists, execution_date=20240116T152737, start_date=20240116T152737, end_date=20240116T152738
[2024-01-16 15:27:38,088] {standard_task_runner.py:97} ERROR - Failed to execute job 17 for task check_file_if_exists (bufsize must be an integer; 581)
[2024-01-16 15:27:38,117] {local_task_job.py:156} INFO - Task exited with return code 1
[2024-01-16 15:27:38,148] {local_task_job.py:273} INFO - 0 downstream tasks scheduled from follow-on schedule check
